mode: set
project_altabe4_1/controllers/users_controllers.go:14.47,18.16 4 1
project_altabe4_1/controllers/users_controllers.go:24.2,25.29 2 1
project_altabe4_1/controllers/users_controllers.go:31.2,35.4 1 1
project_altabe4_1/controllers/users_controllers.go:18.16,23.3 1 1
project_altabe4_1/controllers/users_controllers.go:25.29,30.3 1 1
project_altabe4_1/controllers/users_controllers.go:38.50,42.14 4 1
project_altabe4_1/controllers/users_controllers.go:48.2,52.4 1 1
project_altabe4_1/controllers/users_controllers.go:42.14,47.3 1 1
project_altabe4_1/controllers/users_controllers.go:55.50,59.16 3 1
project_altabe4_1/controllers/users_controllers.go:66.2,67.23 2 1
project_altabe4_1/controllers/users_controllers.go:74.2,75.14 2 1
project_altabe4_1/controllers/users_controllers.go:81.2,84.4 1 1
project_altabe4_1/controllers/users_controllers.go:59.16,64.3 1 1
project_altabe4_1/controllers/users_controllers.go:67.23,72.3 1 1
project_altabe4_1/controllers/users_controllers.go:75.14,80.3 1 1
project_altabe4_1/controllers/users_controllers.go:87.50,90.16 2 1
project_altabe4_1/controllers/users_controllers.go:98.2,99.18 2 1
project_altabe4_1/controllers/users_controllers.go:105.2,109.14 4 1
project_altabe4_1/controllers/users_controllers.go:116.2,119.4 1 1
project_altabe4_1/controllers/users_controllers.go:90.16,96.3 1 1
project_altabe4_1/controllers/users_controllers.go:99.18,104.3 1 1
project_altabe4_1/controllers/users_controllers.go:109.14,114.3 1 1
project_altabe4_1/controllers/users_controllers.go:122.49,127.14 4 1
project_altabe4_1/controllers/users_controllers.go:133.2,136.4 1 1
project_altabe4_1/controllers/users_controllers.go:127.14,132.3 1 1
project_altabe4_1/controllers/users_controllers.go:139.51,141.2 1 1
project_altabe4_1/controllers/users_controllers.go:143.54,145.2 1 1
project_altabe4_1/controllers/users_controllers.go:147.54,149.2 1 1
project_altabe4_1/controllers/product_controllers.go:12.50,14.16 2 0
project_altabe4_1/controllers/product_controllers.go:20.2,24.4 1 0
project_altabe4_1/controllers/product_controllers.go:14.16,19.3 1 0
project_altabe4_1/controllers/product_controllers.go:27.53,31.14 4 0
project_altabe4_1/controllers/product_controllers.go:37.2,40.4 1 0
project_altabe4_1/controllers/product_controllers.go:31.14,36.3 1 0
project_altabe4_1/controllers/product_controllers.go:43.53,45.16 2 0
project_altabe4_1/controllers/product_controllers.go:51.2,54.16 4 0
project_altabe4_1/controllers/product_controllers.go:60.2,63.4 1 0
project_altabe4_1/controllers/product_controllers.go:45.16,50.3 1 0
project_altabe4_1/controllers/product_controllers.go:54.16,59.3 1 0
