mode: set
project_altabe4_1/controllers/product_controllers.go:14.53,20.14 6 1
project_altabe4_1/controllers/product_controllers.go:27.2,30.4 1 1
project_altabe4_1/controllers/product_controllers.go:20.14,25.3 1 1
project_altabe4_1/controllers/product_controllers.go:33.50,35.16 2 1
project_altabe4_1/controllers/product_controllers.go:41.2,45.4 1 1
project_altabe4_1/controllers/product_controllers.go:35.16,40.3 1 1
project_altabe4_1/controllers/product_controllers.go:48.54,51.16 3 1
project_altabe4_1/controllers/product_controllers.go:57.2,58.32 2 1
project_altabe4_1/controllers/product_controllers.go:64.2,68.4 1 1
project_altabe4_1/controllers/product_controllers.go:51.16,56.3 1 1
project_altabe4_1/controllers/product_controllers.go:58.32,63.3 1 1
project_altabe4_1/controllers/product_controllers.go:71.53,74.16 3 1
project_altabe4_1/controllers/product_controllers.go:80.2,84.37 5 1
project_altabe4_1/controllers/product_controllers.go:90.2,95.4 2 1
project_altabe4_1/controllers/product_controllers.go:74.16,79.3 1 1
project_altabe4_1/controllers/product_controllers.go:84.37,89.3 1 1
project_altabe4_1/controllers/product_controllers.go:98.53,100.16 2 1
project_altabe4_1/controllers/product_controllers.go:106.2,109.36 3 1
project_altabe4_1/controllers/product_controllers.go:116.2,122.4 4 1
project_altabe4_1/controllers/product_controllers.go:100.16,105.3 1 1
project_altabe4_1/controllers/product_controllers.go:109.36,114.3 1 1
project_altabe4_1/controllers/product_controllers.go:125.57,127.2 1 1
project_altabe4_1/controllers/product_controllers.go:129.54,131.2 1 1
project_altabe4_1/controllers/product_controllers.go:133.58,135.2 1 1
project_altabe4_1/controllers/product_controllers.go:137.57,139.2 1 1
project_altabe4_1/controllers/product_controllers.go:141.57,143.2 1 1
project_altabe4_1/controllers/users_controllers.go:14.47,18.16 4 0
project_altabe4_1/controllers/users_controllers.go:24.2,25.29 2 0
project_altabe4_1/controllers/users_controllers.go:31.2,35.4 1 0
project_altabe4_1/controllers/users_controllers.go:18.16,23.3 1 0
project_altabe4_1/controllers/users_controllers.go:25.29,30.3 1 0
project_altabe4_1/controllers/users_controllers.go:38.50,42.14 4 0
project_altabe4_1/controllers/users_controllers.go:48.2,51.4 1 0
project_altabe4_1/controllers/users_controllers.go:42.14,47.3 1 0
project_altabe4_1/controllers/users_controllers.go:54.50,58.16 3 0
project_altabe4_1/controllers/users_controllers.go:65.2,66.23 2 0
project_altabe4_1/controllers/users_controllers.go:73.2,74.14 2 0
project_altabe4_1/controllers/users_controllers.go:80.2,83.4 1 0
project_altabe4_1/controllers/users_controllers.go:58.16,63.3 1 0
project_altabe4_1/controllers/users_controllers.go:66.23,71.3 1 0
project_altabe4_1/controllers/users_controllers.go:74.14,79.3 1 0
project_altabe4_1/controllers/users_controllers.go:86.50,89.16 2 0
project_altabe4_1/controllers/users_controllers.go:97.2,98.18 2 0
project_altabe4_1/controllers/users_controllers.go:104.2,108.14 4 0
project_altabe4_1/controllers/users_controllers.go:115.2,118.4 1 0
project_altabe4_1/controllers/users_controllers.go:89.16,95.3 1 0
project_altabe4_1/controllers/users_controllers.go:98.18,103.3 1 0
project_altabe4_1/controllers/users_controllers.go:108.14,113.3 1 0
project_altabe4_1/controllers/users_controllers.go:121.49,126.14 4 0
project_altabe4_1/controllers/users_controllers.go:132.2,135.4 1 0
project_altabe4_1/controllers/users_controllers.go:126.14,131.3 1 0
